<?xml version="1.0" encoding="UTF-8"?>
<!-- Generated by org.testng.reporters.JUnitXMLReporter -->
<testsuite ignored="21" hostname="PRANAYRAM" failures="0" tests="5" name="Test" time="180.603" errors="0" timestamp="2020-06-14T23:48:42 IST">
  <testcase classname="tests.Homepage_Tests" name="openingHomePageTest" time="71.747"/>
  <testcase classname="tests.Homepage_Tests" name="CarLoan_Button_Click_Test" time="19.315"/>
  <testcase classname="tests.Homepage_Tests" name="Printing_AmountandInterest" time="18.707"/>
  <testcase classname="tests.HomeLoanPage_Tests" name="opening_HomeLoanPage_Test" time="19.591"/>
  <testcase classname="tests.LoanCalPage_Tests" name="opening_LoanCalPage_Test" time="20.704"/>
  <testcase classname="tests.Homepage_Tests" name="Car_LoanInterest_Textbox" time="0.0">
    <ignored/>
  </testcase> <!-- Car_LoanInterest_Textbox -->
  <testcase classname="tests.HomeLoanPage_Tests" name="HomeLoanPage_HVTextbox_TestIn" time="0.0">
    <ignored/>
  </testcase> <!-- HomeLoanPage_HVTextbox_TestIn -->
  <testcase classname="tests.LoanCalPage_Tests" name="LoanCal_LoanAmountTextbox_Test" time="0.0">
    <ignored/>
  </testcase> <!-- LoanCal_LoanAmountTextbox_Test -->
  <testcase classname="tests.HomeLoanPage_Tests" name="HomeLoanPage_IRTextbox_Test" time="0.0">
    <ignored/>
  </testcase> <!-- HomeLoanPage_IRTextbox_Test -->
  <testcase classname="tests.HomeLoanPage_Tests" name="HomeLoanPage_LTTextbox_Test" time="0.0">
    <ignored/>
  </testcase> <!-- HomeLoanPage_LTTextbox_Test -->
  <testcase classname="tests.HomeLoanPage_Tests" name="HomeLoanPage_LITextbox_Test" time="0.0">
    <ignored/>
  </testcase> <!-- HomeLoanPage_LITextbox_Test -->
  <testcase classname="tests.LoanCalPage_Tests" name="LoanCal_FeesandChargesTextbox_Test" time="0.0">
    <ignored/>
  </testcase> <!-- LoanCal_FeesandChargesTextbox_Test -->
  <testcase classname="tests.Homepage_Tests" name="Car_LoanAmount_Textbox" time="0.0">
    <ignored/>
  </testcase> <!-- Car_LoanAmount_Textbox -->
  <testcase classname="tests.LoanCalPage_Tests" name="LoanCal_TenureTextbox_Test" time="0.0">
    <ignored/>
  </testcase> <!-- LoanCal_TenureTextbox_Test -->
  <testcase classname="tests.HomeLoanPage_Tests" name="Exporting_Data_To_Excel" time="0.0">
    <ignored/>
  </testcase> <!-- Exporting_Data_To_Excel -->
  <testcase classname="tests.Homepage_Tests" name="Car_LoanTenureMn_Textbox" time="0.0">
    <ignored/>
  </testcase> <!-- Car_LoanTenureMn_Textbox -->
  <testcase classname="tests.HomeLoanPage_Tests" name="HomeLoanPage_LFeesTextbox_Test" time="0.0">
    <ignored/>
  </testcase> <!-- HomeLoanPage_LFeesTextbox_Test -->
  <testcase classname="tests.LoanCalPage_Tests" name="LoanCal_InterestRateTextbox_Test" time="0.0">
    <ignored/>
  </testcase> <!-- LoanCal_InterestRateTextbox_Test -->
  <testcase classname="tests.LoanCalPage_Tests" name="LoanCal_EMITextbox_Test" time="0.0">
    <ignored/>
  </testcase> <!-- LoanCal_EMITextbox_Test -->
  <testcase classname="tests.Homepage_Tests" name="Car_LoanTenureYr_Textbox" time="0.0">
    <ignored/>
  </testcase> <!-- Car_LoanTenureYr_Textbox -->
  <testcase classname="tests.Homepage_Tests" name="Car_LoanInterest_TextboxIn" time="0.0">
    <ignored/>
  </testcase> <!-- Car_LoanInterest_TextboxIn -->
  <testcase classname="tests.HomeLoanPage_Tests" name="HomeLoanPage_HVTextbox_Test" time="0.0">
    <ignored/>
  </testcase> <!-- HomeLoanPage_HVTextbox_Test -->
  <testcase classname="tests.Homepage_Tests" name="Car_LoanTenureYr_TextboxIn" time="0.0">
    <ignored/>
  </testcase> <!-- Car_LoanTenureYr_TextboxIn -->
  <testcase classname="tests.LoanCalPage_Tests" name="LoanCal_LoanAmountTextbox_TestIn" time="0.0">
    <ignored/>
  </testcase> <!-- LoanCal_LoanAmountTextbox_TestIn -->
  <testcase classname="tests.HomeLoanPage_Tests" name="HomeLoanPage_DPTextbox_Test" time="0.0">
    <ignored/>
  </testcase> <!-- HomeLoanPage_DPTextbox_Test -->
  <testcase classname="tests.Homepage_Tests" name="Car_LoanAmount_TextboxIn" time="0.0">
    <ignored/>
  </testcase> <!-- Car_LoanAmount_TextboxIn -->
</testsuite> <!-- Test -->
