<?xml version="1.0" encoding="UTF-8"?>
<!-- Generated by org.testng.reporters.JUnitXMLReporter -->
<testsuite ignored="0" hostname="PRANAYRAM" failures="0" tests="26" name="Test" time="624.357" errors="0" timestamp="2020-06-15T00:12:05 IST">
  <testcase classname="tests.LoanCalPage_Tests" name="opening_LoanCalPage_Test" time="32.71"/>
  <testcase classname="tests.LoanCalPage_Tests" name="LoanCal_LoanAmountTextbox_Test" time="37.473"/>
  <testcase classname="tests.LoanCalPage_Tests" name="LoanCal_InterestRateTextbox_Test" time="22.644"/>
  <testcase classname="tests.LoanCalPage_Tests" name="LoanCal_TenureTextbox_Test" time="20.12"/>
  <testcase classname="tests.LoanCalPage_Tests" name="LoanCal_FeesandChargesTextbox_Test" time="23.269"/>
  <testcase classname="tests.LoanCalPage_Tests" name="LoanCal_EMITextbox_Test" time="28.201"/>
  <testcase classname="tests.LoanCalPage_Tests" name="LoanCal_LoanAmountTextbox_TestIn" time="30.34"/>
  <testcase classname="tests.HomeLoanPage_Tests" name="opening_HomeLoanPage_Test" time="21.701"/>
  <testcase classname="tests.HomeLoanPage_Tests" name="HomeLoanPage_HVTextbox_Test" time="21.176"/>
  <testcase classname="tests.HomeLoanPage_Tests" name="HomeLoanPage_DPTextbox_Test" time="15.945"/>
  <testcase classname="tests.HomeLoanPage_Tests" name="HomeLoanPage_LITextbox_Test" time="21.664"/>
  <testcase classname="tests.HomeLoanPage_Tests" name="HomeLoanPage_IRTextbox_Test" time="17.892"/>
  <testcase classname="tests.HomeLoanPage_Tests" name="HomeLoanPage_LTTextbox_Test" time="19.987"/>
  <testcase classname="tests.HomeLoanPage_Tests" name="HomeLoanPage_LFeesTextbox_Test" time="17.092"/>
  <testcase classname="tests.HomeLoanPage_Tests" name="HomeLoanPage_HVTextbox_TestIn" time="18.228"/>
  <testcase classname="tests.HomeLoanPage_Tests" name="Exporting_Data_To_Excel" time="22.146"/>
  <testcase classname="tests.Homepage_Tests" name="openingHomePageTest" time="15.229"/>
  <testcase classname="tests.Homepage_Tests" name="CarLoan_Button_Click_Test" time="8.394"/>
  <testcase classname="tests.Homepage_Tests" name="Car_LoanAmount_Textbox" time="9.382"/>
  <testcase classname="tests.Homepage_Tests" name="Car_LoanInterest_Textbox" time="12.249"/>
  <testcase classname="tests.Homepage_Tests" name="Car_LoanTenureYr_Textbox" time="12.12"/>
  <testcase classname="tests.Homepage_Tests" name="Car_LoanTenureMn_Textbox" time="12.834"/>
  <testcase classname="tests.Homepage_Tests" name="Printing_AmountandInterest" time="16.687"/>
  <testcase classname="tests.Homepage_Tests" name="Car_LoanAmount_TextboxIn" time="16.457"/>
  <testcase classname="tests.Homepage_Tests" name="Car_LoanInterest_TextboxIn" time="17.469"/>
  <testcase classname="tests.Homepage_Tests" name="Car_LoanTenureYr_TextboxIn" time="18.272"/>
</testsuite> <!-- Test -->
