<?xml version="1.0" encoding="UTF-8"?>
<testng-results ignored="0" total="2" passed="2" failed="0" skipped="0">
  <reporter-output>
  </reporter-output>
  <suite started-at="2020-06-14T09:50:59Z" name="Suite" finished-at="2020-06-14T09:51:53Z" duration-ms="53976">
    <groups>
    </groups>
    <test started-at="2020-06-14T09:50:59Z" name="Test" finished-at="2020-06-14T09:51:53Z" duration-ms="53976">
      <class name="tests.Homepage_Tests">
        <test-method signature="openingHomePageTest(java.lang.String)[pri:0, instance:tests.Homepage_Tests@1224144a]" started-at="2020-06-14T09:50:59Z" name="openingHomePageTest" finished-at="2020-06-14T09:51:22Z" duration-ms="23710" status="PASS">
          <params>
            <param index="0">
              <value is-null="true"/>
            </param>
          </params>
          <reporter-output>
          </reporter-output>
        </test-method> <!-- openingHomePageTest -->
        <test-method is-config="true" signature="exit()[pri:0, instance:tests.Homepage_Tests@1224144a]" started-at="2020-06-14T09:51:22Z" name="exit" finished-at="2020-06-14T09:51:31Z" duration-ms="8619" status="PASS">
          <reporter-output>
          </reporter-output>
        </test-method> <!-- exit -->
        <test-method signature="CarLoan_Button_Click_Test(java.lang.String)[pri:1, instance:tests.Homepage_Tests@1224144a]" started-at="2020-06-14T09:51:31Z" name="CarLoan_Button_Click_Test" finished-at="2020-06-14T09:51:47Z" duration-ms="15565" status="PASS">
          <params>
            <param index="0">
              <value is-null="true"/>
            </param>
          </params>
          <reporter-output>
          </reporter-output>
        </test-method> <!-- CarLoan_Button_Click_Test -->
        <test-method is-config="true" signature="exit()[pri:0, instance:tests.Homepage_Tests@1224144a]" started-at="2020-06-14T09:51:47Z" name="exit" finished-at="2020-06-14T09:51:53Z" duration-ms="6025" status="PASS">
          <reporter-output>
          </reporter-output>
        </test-method> <!-- exit -->
      </class> <!-- tests.Homepage_Tests -->
    </test> <!-- Test -->
  </suite> <!-- Suite -->
</testng-results>
