<?xml version="1.0" encoding="UTF-8"?>
<testng-results ignored="0" total="26" passed="26" failed="0" skipped="0">
  <reporter-output>
  </reporter-output>
  <suite started-at="2020-06-15T00:01:38 IST" name="Suite" finished-at="2020-06-15T00:12:03 IST" duration-ms="624357">
    <groups>
    </groups>
    <test started-at="2020-06-15T00:01:38 IST" name="Test" finished-at="2020-06-15T00:12:03 IST" duration-ms="624357">
      <class name="tests.HomeLoanPage_Tests">
        <test-method signature="opening_HomeLoanPage_Test(java.lang.String)[pri:0, instance:tests.HomeLoanPage_Tests@49e5f737]" started-at="2020-06-15T00:05:36 IST" name="opening_HomeLoanPage_Test" finished-at="2020-06-15T00:05:58 IST" duration-ms="21701" status="PASS">
          <params>
            <param index="0">
              <value is-null="true"/>
            </param>
          </params>
          <reporter-output>
          </reporter-output>
        </test-method> <!-- opening_HomeLoanPage_Test -->
        <test-method is-config="true" signature="exit()[pri:0, instance:tests.HomeLoanPage_Tests@49e5f737]" started-at="2020-06-15T00:05:58 IST" name="exit" finished-at="2020-06-15T00:06:05 IST" duration-ms="6967" status="PASS">
          <reporter-output>
          </reporter-output>
        </test-method> <!-- exit -->
        <test-method signature="HomeLoanPage_HVTextbox_Test(java.lang.String)[pri:1, instance:tests.HomeLoanPage_Tests@49e5f737]" started-at="2020-06-15T00:06:05 IST" name="HomeLoanPage_HVTextbox_Test" finished-at="2020-06-15T00:06:26 IST" duration-ms="21176" status="PASS">
          <params>
            <param index="0">
              <value is-null="true"/>
            </param>
          </params>
          <reporter-output>
          </reporter-output>
        </test-method> <!-- HomeLoanPage_HVTextbox_Test -->
        <test-method is-config="true" signature="exit()[pri:0, instance:tests.HomeLoanPage_Tests@49e5f737]" started-at="2020-06-15T00:06:26 IST" name="exit" finished-at="2020-06-15T00:06:28 IST" duration-ms="1499" status="PASS">
          <reporter-output>
          </reporter-output>
        </test-method> <!-- exit -->
        <test-method signature="HomeLoanPage_DPTextbox_Test(java.lang.String)[pri:2, instance:tests.HomeLoanPage_Tests@49e5f737]" started-at="2020-06-15T00:06:28 IST" name="HomeLoanPage_DPTextbox_Test" finished-at="2020-06-15T00:06:44 IST" duration-ms="15945" status="PASS">
          <params>
            <param index="0">
              <value is-null="true"/>
            </param>
          </params>
          <reporter-output>
          </reporter-output>
        </test-method> <!-- HomeLoanPage_DPTextbox_Test -->
        <test-method is-config="true" signature="exit()[pri:0, instance:tests.HomeLoanPage_Tests@49e5f737]" started-at="2020-06-15T00:06:44 IST" name="exit" finished-at="2020-06-15T00:06:46 IST" duration-ms="2243" status="PASS">
          <reporter-output>
          </reporter-output>
        </test-method> <!-- exit -->
        <test-method signature="HomeLoanPage_LITextbox_Test(java.lang.String)[pri:3, instance:tests.HomeLoanPage_Tests@49e5f737]" started-at="2020-06-15T00:06:46 IST" name="HomeLoanPage_LITextbox_Test" finished-at="2020-06-15T00:07:07 IST" duration-ms="21664" status="PASS">
          <params>
            <param index="0">
              <value is-null="true"/>
            </param>
          </params>
          <reporter-output>
          </reporter-output>
        </test-method> <!-- HomeLoanPage_LITextbox_Test -->
        <test-method is-config="true" signature="exit()[pri:0, instance:tests.HomeLoanPage_Tests@49e5f737]" started-at="2020-06-15T00:07:07 IST" name="exit" finished-at="2020-06-15T00:07:12 IST" duration-ms="4713" status="PASS">
          <reporter-output>
          </reporter-output>
        </test-method> <!-- exit -->
        <test-method signature="HomeLoanPage_IRTextbox_Test(java.lang.String)[pri:4, instance:tests.HomeLoanPage_Tests@49e5f737]" started-at="2020-06-15T00:07:12 IST" name="HomeLoanPage_IRTextbox_Test" finished-at="2020-06-15T00:07:30 IST" duration-ms="17892" status="PASS">
          <params>
            <param index="0">
              <value is-null="true"/>
            </param>
          </params>
          <reporter-output>
          </reporter-output>
        </test-method> <!-- HomeLoanPage_IRTextbox_Test -->
        <test-method is-config="true" signature="exit()[pri:0, instance:tests.HomeLoanPage_Tests@49e5f737]" started-at="2020-06-15T00:07:30 IST" name="exit" finished-at="2020-06-15T00:07:36 IST" duration-ms="5798" status="PASS">
          <reporter-output>
          </reporter-output>
        </test-method> <!-- exit -->
        <test-method signature="HomeLoanPage_LTTextbox_Test(java.lang.String)[pri:5, instance:tests.HomeLoanPage_Tests@49e5f737]" started-at="2020-06-15T00:07:36 IST" name="HomeLoanPage_LTTextbox_Test" finished-at="2020-06-15T00:07:56 IST" duration-ms="19987" status="PASS">
          <params>
            <param index="0">
              <value is-null="true"/>
            </param>
          </params>
          <reporter-output>
          </reporter-output>
        </test-method> <!-- HomeLoanPage_LTTextbox_Test -->
        <test-method is-config="true" signature="exit()[pri:0, instance:tests.HomeLoanPage_Tests@49e5f737]" started-at="2020-06-15T00:07:56 IST" name="exit" finished-at="2020-06-15T00:08:01 IST" duration-ms="4869" status="PASS">
          <reporter-output>
          </reporter-output>
        </test-method> <!-- exit -->
        <test-method signature="HomeLoanPage_LFeesTextbox_Test(java.lang.String)[pri:6, instance:tests.HomeLoanPage_Tests@49e5f737]" started-at="2020-06-15T00:08:01 IST" name="HomeLoanPage_LFeesTextbox_Test" finished-at="2020-06-15T00:08:18 IST" duration-ms="17092" status="PASS">
          <params>
            <param index="0">
              <value is-null="true"/>
            </param>
          </params>
          <reporter-output>
          </reporter-output>
        </test-method> <!-- HomeLoanPage_LFeesTextbox_Test -->
        <test-method is-config="true" signature="exit()[pri:0, instance:tests.HomeLoanPage_Tests@49e5f737]" started-at="2020-06-15T00:08:18 IST" name="exit" finished-at="2020-06-15T00:08:23 IST" duration-ms="4843" status="PASS">
          <reporter-output>
          </reporter-output>
        </test-method> <!-- exit -->
        <test-method signature="HomeLoanPage_HVTextbox_TestIn(java.lang.String)[pri:7, instance:tests.HomeLoanPage_Tests@49e5f737]" started-at="2020-06-15T00:08:23 IST" name="HomeLoanPage_HVTextbox_TestIn" finished-at="2020-06-15T00:08:41 IST" duration-ms="18228" status="PASS">
          <params>
            <param index="0">
              <value is-null="true"/>
            </param>
          </params>
          <reporter-output>
          </reporter-output>
        </test-method> <!-- HomeLoanPage_HVTextbox_TestIn -->
        <test-method is-config="true" signature="exit()[pri:0, instance:tests.HomeLoanPage_Tests@49e5f737]" started-at="2020-06-15T00:08:41 IST" name="exit" finished-at="2020-06-15T00:08:43 IST" duration-ms="1624" status="PASS">
          <reporter-output>
          </reporter-output>
        </test-method> <!-- exit -->
        <test-method signature="Exporting_Data_To_Excel(java.lang.String)[pri:8, instance:tests.HomeLoanPage_Tests@49e5f737]" started-at="2020-06-15T00:08:43 IST" name="Exporting_Data_To_Excel" finished-at="2020-06-15T00:09:05 IST" duration-ms="22146" status="PASS">
          <params>
            <param index="0">
              <value is-null="true"/>
            </param>
          </params>
          <reporter-output>
          </reporter-output>
        </test-method> <!-- Exporting_Data_To_Excel -->
        <test-method is-config="true" signature="exit()[pri:0, instance:tests.HomeLoanPage_Tests@49e5f737]" started-at="2020-06-15T00:09:05 IST" name="exit" finished-at="2020-06-15T00:09:09 IST" duration-ms="4626" status="PASS">
          <reporter-output>
          </reporter-output>
        </test-method> <!-- exit -->
      </class> <!-- tests.HomeLoanPage_Tests -->
      <class name="tests.LoanCalPage_Tests">
        <test-method signature="opening_LoanCalPage_Test(java.lang.String)[pri:0, instance:tests.LoanCalPage_Tests@445b295b]" started-at="2020-06-15T00:01:38 IST" name="opening_LoanCalPage_Test" finished-at="2020-06-15T00:02:11 IST" duration-ms="32710" status="PASS">
          <params>
            <param index="0">
              <value is-null="true"/>
            </param>
          </params>
          <reporter-output>
          </reporter-output>
        </test-method> <!-- opening_LoanCalPage_Test -->
        <test-method is-config="true" signature="exit()[pri:0, instance:tests.LoanCalPage_Tests@445b295b]" started-at="2020-06-15T00:02:11 IST" name="exit" finished-at="2020-06-15T00:02:18 IST" duration-ms="7422" status="PASS">
          <reporter-output>
          </reporter-output>
        </test-method> <!-- exit -->
        <test-method signature="LoanCal_LoanAmountTextbox_Test(java.lang.String)[pri:1, instance:tests.LoanCalPage_Tests@445b295b]" started-at="2020-06-15T00:02:18 IST" name="LoanCal_LoanAmountTextbox_Test" finished-at="2020-06-15T00:02:56 IST" duration-ms="37473" status="PASS">
          <params>
            <param index="0">
              <value is-null="true"/>
            </param>
          </params>
          <reporter-output>
          </reporter-output>
        </test-method> <!-- LoanCal_LoanAmountTextbox_Test -->
        <test-method is-config="true" signature="exit()[pri:0, instance:tests.LoanCalPage_Tests@445b295b]" started-at="2020-06-15T00:02:56 IST" name="exit" finished-at="2020-06-15T00:03:05 IST" duration-ms="8939" status="PASS">
          <reporter-output>
          </reporter-output>
        </test-method> <!-- exit -->
        <test-method signature="LoanCal_InterestRateTextbox_Test(java.lang.String)[pri:2, instance:tests.LoanCalPage_Tests@445b295b]" started-at="2020-06-15T00:03:05 IST" name="LoanCal_InterestRateTextbox_Test" finished-at="2020-06-15T00:03:27 IST" duration-ms="22644" status="PASS">
          <params>
            <param index="0">
              <value is-null="true"/>
            </param>
          </params>
          <reporter-output>
          </reporter-output>
        </test-method> <!-- LoanCal_InterestRateTextbox_Test -->
        <test-method is-config="true" signature="exit()[pri:0, instance:tests.LoanCalPage_Tests@445b295b]" started-at="2020-06-15T00:03:27 IST" name="exit" finished-at="2020-06-15T00:03:35 IST" duration-ms="7876" status="PASS">
          <reporter-output>
          </reporter-output>
        </test-method> <!-- exit -->
        <test-method signature="LoanCal_TenureTextbox_Test(java.lang.String)[pri:3, instance:tests.LoanCalPage_Tests@445b295b]" started-at="2020-06-15T00:03:35 IST" name="LoanCal_TenureTextbox_Test" finished-at="2020-06-15T00:03:55 IST" duration-ms="20120" status="PASS">
          <params>
            <param index="0">
              <value is-null="true"/>
            </param>
          </params>
          <reporter-output>
          </reporter-output>
        </test-method> <!-- LoanCal_TenureTextbox_Test -->
        <test-method is-config="true" signature="exit()[pri:0, instance:tests.LoanCalPage_Tests@445b295b]" started-at="2020-06-15T00:03:55 IST" name="exit" finished-at="2020-06-15T00:03:58 IST" duration-ms="2422" status="PASS">
          <reporter-output>
          </reporter-output>
        </test-method> <!-- exit -->
        <test-method signature="LoanCal_FeesandChargesTextbox_Test(java.lang.String)[pri:4, instance:tests.LoanCalPage_Tests@445b295b]" started-at="2020-06-15T00:03:58 IST" name="LoanCal_FeesandChargesTextbox_Test" finished-at="2020-06-15T00:04:21 IST" duration-ms="23269" status="PASS">
          <params>
            <param index="0">
              <value is-null="true"/>
            </param>
          </params>
          <reporter-output>
          </reporter-output>
        </test-method> <!-- LoanCal_FeesandChargesTextbox_Test -->
        <test-method is-config="true" signature="exit()[pri:0, instance:tests.LoanCalPage_Tests@445b295b]" started-at="2020-06-15T00:04:21 IST" name="exit" finished-at="2020-06-15T00:04:23 IST" duration-ms="2294" status="PASS">
          <reporter-output>
          </reporter-output>
        </test-method> <!-- exit -->
        <test-method signature="LoanCal_EMITextbox_Test(java.lang.String)[pri:5, instance:tests.LoanCalPage_Tests@445b295b]" started-at="2020-06-15T00:04:23 IST" name="LoanCal_EMITextbox_Test" finished-at="2020-06-15T00:04:52 IST" duration-ms="28201" status="PASS">
          <params>
            <param index="0">
              <value is-null="true"/>
            </param>
          </params>
          <reporter-output>
          </reporter-output>
        </test-method> <!-- LoanCal_EMITextbox_Test -->
        <test-method is-config="true" signature="exit()[pri:0, instance:tests.LoanCalPage_Tests@445b295b]" started-at="2020-06-15T00:04:52 IST" name="exit" finished-at="2020-06-15T00:04:57 IST" duration-ms="5302" status="PASS">
          <reporter-output>
          </reporter-output>
        </test-method> <!-- exit -->
        <test-method signature="LoanCal_LoanAmountTextbox_TestIn(java.lang.String)[pri:6, instance:tests.LoanCalPage_Tests@445b295b]" started-at="2020-06-15T00:04:57 IST" name="LoanCal_LoanAmountTextbox_TestIn" finished-at="2020-06-15T00:05:27 IST" duration-ms="30340" status="PASS">
          <params>
            <param index="0">
              <value is-null="true"/>
            </param>
          </params>
          <reporter-output>
          </reporter-output>
        </test-method> <!-- LoanCal_LoanAmountTextbox_TestIn -->
        <test-method is-config="true" signature="exit()[pri:0, instance:tests.LoanCalPage_Tests@445b295b]" started-at="2020-06-15T00:05:27 IST" name="exit" finished-at="2020-06-15T00:05:36 IST" duration-ms="8845" status="PASS">
          <reporter-output>
          </reporter-output>
        </test-method> <!-- exit -->
      </class> <!-- tests.LoanCalPage_Tests -->
      <class name="tests.Homepage_Tests">
        <test-method signature="openingHomePageTest(java.lang.String)[pri:0, instance:tests.Homepage_Tests@5c671d7f]" started-at="2020-06-15T00:09:09 IST" name="openingHomePageTest" finished-at="2020-06-15T00:09:25 IST" duration-ms="15229" status="PASS">
          <params>
            <param index="0">
              <value is-null="true"/>
            </param>
          </params>
          <reporter-output>
          </reporter-output>
        </test-method> <!-- openingHomePageTest -->
        <test-method is-config="true" signature="exit()[pri:0, instance:tests.Homepage_Tests@5c671d7f]" started-at="2020-06-15T00:09:25 IST" name="exit" finished-at="2020-06-15T00:09:27 IST" duration-ms="2045" status="PASS">
          <reporter-output>
          </reporter-output>
        </test-method> <!-- exit -->
        <test-method signature="CarLoan_Button_Click_Test(java.lang.String)[pri:1, instance:tests.Homepage_Tests@5c671d7f]" started-at="2020-06-15T00:09:27 IST" name="CarLoan_Button_Click_Test" finished-at="2020-06-15T00:09:35 IST" duration-ms="8394" status="PASS">
          <params>
            <param index="0">
              <value is-null="true"/>
            </param>
          </params>
          <reporter-output>
          </reporter-output>
        </test-method> <!-- CarLoan_Button_Click_Test -->
        <test-method is-config="true" signature="exit()[pri:0, instance:tests.Homepage_Tests@5c671d7f]" started-at="2020-06-15T00:09:35 IST" name="exit" finished-at="2020-06-15T00:09:37 IST" duration-ms="1911" status="PASS">
          <reporter-output>
          </reporter-output>
        </test-method> <!-- exit -->
        <test-method signature="Car_LoanAmount_Textbox(java.lang.String)[pri:2, instance:tests.Homepage_Tests@5c671d7f]" started-at="2020-06-15T00:09:37 IST" name="Car_LoanAmount_Textbox" finished-at="2020-06-15T00:09:46 IST" duration-ms="9382" status="PASS">
          <params>
            <param index="0">
              <value is-null="true"/>
            </param>
          </params>
          <reporter-output>
          </reporter-output>
        </test-method> <!-- Car_LoanAmount_Textbox -->
        <test-method is-config="true" signature="exit()[pri:0, instance:tests.Homepage_Tests@5c671d7f]" started-at="2020-06-15T00:09:46 IST" name="exit" finished-at="2020-06-15T00:09:52 IST" duration-ms="5887" status="PASS">
          <reporter-output>
          </reporter-output>
        </test-method> <!-- exit -->
        <test-method signature="Car_LoanInterest_Textbox(java.lang.String)[pri:3, instance:tests.Homepage_Tests@5c671d7f]" started-at="2020-06-15T00:09:52 IST" name="Car_LoanInterest_Textbox" finished-at="2020-06-15T00:10:04 IST" duration-ms="12249" status="PASS">
          <params>
            <param index="0">
              <value is-null="true"/>
            </param>
          </params>
          <reporter-output>
          </reporter-output>
        </test-method> <!-- Car_LoanInterest_Textbox -->
        <test-method is-config="true" signature="exit()[pri:0, instance:tests.Homepage_Tests@5c671d7f]" started-at="2020-06-15T00:10:04 IST" name="exit" finished-at="2020-06-15T00:10:07 IST" duration-ms="2313" status="PASS">
          <reporter-output>
          </reporter-output>
        </test-method> <!-- exit -->
        <test-method signature="Car_LoanTenureYr_Textbox(java.lang.String)[pri:4, instance:tests.Homepage_Tests@5c671d7f]" started-at="2020-06-15T00:10:07 IST" name="Car_LoanTenureYr_Textbox" finished-at="2020-06-15T00:10:19 IST" duration-ms="12120" status="PASS">
          <params>
            <param index="0">
              <value is-null="true"/>
            </param>
          </params>
          <reporter-output>
          </reporter-output>
        </test-method> <!-- Car_LoanTenureYr_Textbox -->
        <test-method is-config="true" signature="exit()[pri:0, instance:tests.Homepage_Tests@5c671d7f]" started-at="2020-06-15T00:10:19 IST" name="exit" finished-at="2020-06-15T00:10:20 IST" duration-ms="1096" status="PASS">
          <reporter-output>
          </reporter-output>
        </test-method> <!-- exit -->
        <test-method signature="Car_LoanTenureMn_Textbox(java.lang.String)[pri:5, instance:tests.Homepage_Tests@5c671d7f]" started-at="2020-06-15T00:10:20 IST" name="Car_LoanTenureMn_Textbox" finished-at="2020-06-15T00:10:33 IST" duration-ms="12834" status="PASS">
          <params>
            <param index="0">
              <value is-null="true"/>
            </param>
          </params>
          <reporter-output>
          </reporter-output>
        </test-method> <!-- Car_LoanTenureMn_Textbox -->
        <test-method is-config="true" signature="exit()[pri:0, instance:tests.Homepage_Tests@5c671d7f]" started-at="2020-06-15T00:10:33 IST" name="exit" finished-at="2020-06-15T00:10:34 IST" duration-ms="1404" status="PASS">
          <reporter-output>
          </reporter-output>
        </test-method> <!-- exit -->
        <test-method signature="Printing_AmountandInterest(java.lang.String)[pri:6, instance:tests.Homepage_Tests@5c671d7f]" started-at="2020-06-15T00:10:34 IST" name="Printing_AmountandInterest" finished-at="2020-06-15T00:10:51 IST" duration-ms="16687" status="PASS">
          <params>
            <param index="0">
              <value is-null="true"/>
            </param>
          </params>
          <reporter-output>
          </reporter-output>
        </test-method> <!-- Printing_AmountandInterest -->
        <test-method is-config="true" signature="exit()[pri:0, instance:tests.Homepage_Tests@5c671d7f]" started-at="2020-06-15T00:10:51 IST" name="exit" finished-at="2020-06-15T00:10:52 IST" duration-ms="1222" status="PASS">
          <reporter-output>
          </reporter-output>
        </test-method> <!-- exit -->
        <test-method signature="Car_LoanAmount_TextboxIn(java.lang.String)[pri:7, instance:tests.Homepage_Tests@5c671d7f]" started-at="2020-06-15T00:10:52 IST" name="Car_LoanAmount_TextboxIn" finished-at="2020-06-15T00:11:09 IST" duration-ms="16457" status="PASS">
          <params>
            <param index="0">
              <value is-null="true"/>
            </param>
          </params>
          <reporter-output>
          </reporter-output>
        </test-method> <!-- Car_LoanAmount_TextboxIn -->
        <test-method is-config="true" signature="exit()[pri:0, instance:tests.Homepage_Tests@5c671d7f]" started-at="2020-06-15T00:11:09 IST" name="exit" finished-at="2020-06-15T00:11:13 IST" duration-ms="4706" status="PASS">
          <reporter-output>
          </reporter-output>
        </test-method> <!-- exit -->
        <test-method signature="Car_LoanInterest_TextboxIn(java.lang.String)[pri:8, instance:tests.Homepage_Tests@5c671d7f]" started-at="2020-06-15T00:11:13 IST" name="Car_LoanInterest_TextboxIn" finished-at="2020-06-15T00:11:31 IST" duration-ms="17469" status="PASS">
          <params>
            <param index="0">
              <value is-null="true"/>
            </param>
          </params>
          <reporter-output>
          </reporter-output>
        </test-method> <!-- Car_LoanInterest_TextboxIn -->
        <test-method is-config="true" signature="exit()[pri:0, instance:tests.Homepage_Tests@5c671d7f]" started-at="2020-06-15T00:11:31 IST" name="exit" finished-at="2020-06-15T00:11:42 IST" duration-ms="11732" status="PASS">
          <reporter-output>
          </reporter-output>
        </test-method> <!-- exit -->
        <test-method signature="Car_LoanTenureYr_TextboxIn(java.lang.String)[pri:9, instance:tests.Homepage_Tests@5c671d7f]" started-at="2020-06-15T00:11:42 IST" name="Car_LoanTenureYr_TextboxIn" finished-at="2020-06-15T00:12:01 IST" duration-ms="18272" status="PASS">
          <params>
            <param index="0">
              <value is-null="true"/>
            </param>
          </params>
          <reporter-output>
          </reporter-output>
        </test-method> <!-- Car_LoanTenureYr_TextboxIn -->
        <test-method is-config="true" signature="exit()[pri:0, instance:tests.Homepage_Tests@5c671d7f]" started-at="2020-06-15T00:12:01 IST" name="exit" finished-at="2020-06-15T00:12:03 IST" duration-ms="1759" status="PASS">
          <reporter-output>
          </reporter-output>
        </test-method> <!-- exit -->
      </class> <!-- tests.Homepage_Tests -->
    </test> <!-- Test -->
  </suite> <!-- Suite -->
</testng-results>
